{"/home/ismael/Escritorio/Programacion/TypeScript/res_api_node_ts_server/src/router.ts": {"path":"/home/ismael/Escritorio/Programacion/TypeScript/res_api_node_ts_server/src/router.ts","statementMap":{"0":{"start":{"line":1,"column":0},"end":{"line":1,"column":52}},"1":{"start":{"line":2,"column":0},"end":{"line":2,"column":130}},"2":{"start":{"line":3,"column":0},"end":{"line":3,"column":48}},"3":{"start":{"line":4,"column":0},"end":{"line":4,"column":49}},"4":{"start":{"line":6,"column":22},"end":{"line":6,"column":30}},"5":{"start":{"line":8,"column":0},"end":{"line":8,"column":28}},"6":{"start":{"line":9,"column":0},"end":{"line":13,"column":2}},"7":{"start":{"line":15,"column":0},"end":{"line":24,"column":2}},"8":{"start":{"line":21,"column":25},"end":{"line":21,"column":34}},"9":{"start":{"line":26,"column":0},"end":{"line":38,"column":2}},"10":{"start":{"line":33,"column":25},"end":{"line":33,"column":34}},"11":{"start":{"line":40,"column":0},"end":{"line":44,"column":2}},"12":{"start":{"line":46,"column":0},"end":{"line":50,"column":2}},"13":{"start":{"line":52,"column":0},"end":{"line":52,"column":22}}},"fnMap":{"0":{"name":"(anonymous_0)","decl":{"start":{"line":21,"column":16},"end":{"line":21,"column":21}},"loc":{"start":{"line":21,"column":25},"end":{"line":21,"column":34}}},"1":{"name":"(anonymous_1)","decl":{"start":{"line":33,"column":16},"end":{"line":33,"column":21}},"loc":{"start":{"line":33,"column":25},"end":{"line":33,"column":34}}}},"branchMap":{},"s":{"0":2,"1":2,"2":2,"3":2,"4":2,"5":2,"6":2,"7":2,"8":4,"9":2,"10":5,"11":2,"12":2,"13":2},"f":{"0":4,"1":5},"b":{}}
,"/home/ismael/Escritorio/Programacion/TypeScript/res_api_node_ts_server/src/server.ts": {"path":"/home/ismael/Escritorio/Programacion/TypeScript/res_api_node_ts_server/src/server.ts","statementMap":{"0":{"start":{"line":7,"column":0},"end":{"line":7,"column":7}},"1":{"start":{"line":1,"column":0},"end":{"line":1,"column":62}},"2":{"start":{"line":2,"column":0},"end":{"line":2,"column":28}},"3":{"start":{"line":3,"column":0},"end":{"line":3,"column":30}},"4":{"start":{"line":4,"column":0},"end":{"line":4,"column":29}},"5":{"start":{"line":8,"column":4},"end":{"line":15,"column":5}},"6":{"start":{"line":9,"column":8},"end":{"line":9,"column":32}},"7":{"start":{"line":10,"column":8},"end":{"line":10,"column":18}},"8":{"start":{"line":14,"column":8},"end":{"line":14,"column":56}},"9":{"start":{"line":18,"column":0},"end":{"line":18,"column":12}},"10":{"start":{"line":21,"column":23},"end":{"line":21,"column":32}},"11":{"start":{"line":24,"column":0},"end":{"line":24,"column":27}},"12":{"start":{"line":27,"column":0},"end":{"line":27,"column":37}},"13":{"start":{"line":29,"column":0},"end":{"line":31,"column":null}},"14":{"start":{"line":30,"column":4},"end":{"line":30,"column":null}},"15":{"start":{"line":35,"column":0},"end":{"line":35,"column":22}}},"fnMap":{"0":{"name":"connectDB","decl":{"start":{"line":7,"column":22},"end":{"line":7,"column":31}},"loc":{"start":{"line":7,"column":31},"end":{"line":16,"column":1}}},"1":{"name":"(anonymous_2)","decl":{"start":{"line":29,"column":19},"end":{"line":29,"column":20}},"loc":{"start":{"line":29,"column":48},"end":{"line":31,"column":1}}}},"branchMap":{},"s":{"0":2,"1":2,"2":2,"3":2,"4":2,"5":3,"6":3,"7":2,"8":1,"9":2,"10":2,"11":2,"12":2,"13":2,"14":1,"15":2},"f":{"0":3,"1":1},"b":{}}
,"/home/ismael/Escritorio/Programacion/TypeScript/res_api_node_ts_server/src/config/db.ts": {"path":"/home/ismael/Escritorio/Programacion/TypeScript/res_api_node_ts_server/src/config/db.ts","statementMap":{"0":{"start":{"line":1,"column":0},"end":{"line":1,"column":49}},"1":{"start":{"line":2,"column":0},"end":{"line":2,"column":28}},"2":{"start":{"line":4,"column":0},"end":{"line":4,"column":16}},"3":{"start":{"line":6,"column":11},"end":{"line":14,"column":2}},"4":{"start":{"line":16,"column":0},"end":{"line":16,"column":18}}},"fnMap":{},"branchMap":{},"s":{"0":2,"1":2,"2":2,"3":2,"4":2},"f":{},"b":{}}
,"/home/ismael/Escritorio/Programacion/TypeScript/res_api_node_ts_server/src/handlers/products.ts": {"path":"/home/ismael/Escritorio/Programacion/TypeScript/res_api_node_ts_server/src/handlers/products.ts","statementMap":{"0":{"start":{"line":3,"column":0},"end":{"line":3,"column":46}},"1":{"start":{"line":6,"column":26},"end":{"line":14,"column":1}},"2":{"start":{"line":7,"column":21},"end":{"line":12,"column":6}},"3":{"start":{"line":13,"column":4},"end":{"line":13,"column":39}},"4":{"start":{"line":6,"column":13},"end":{"line":6,"column":26}},"5":{"start":{"line":16,"column":30},"end":{"line":24,"column":1}},"6":{"start":{"line":17,"column":18},"end":{"line":17,"column":28}},"7":{"start":{"line":19,"column":20},"end":{"line":19,"column":46}},"8":{"start":{"line":21,"column":4},"end":{"line":21,"column":79}},"9":{"start":{"line":21,"column":17},"end":{"line":21,"column":79}},"10":{"start":{"line":23,"column":4},"end":{"line":23,"column":38}},"11":{"start":{"line":16,"column":13},"end":{"line":16,"column":30}},"12":{"start":{"line":26,"column":29},"end":{"line":31,"column":1}},"13":{"start":{"line":27,"column":20},"end":{"line":27,"column":50}},"14":{"start":{"line":29,"column":4},"end":{"line":29,"column":49}},"15":{"start":{"line":26,"column":13},"end":{"line":26,"column":29}},"16":{"start":{"line":33,"column":29},"end":{"line":47,"column":1}},"17":{"start":{"line":34,"column":18},"end":{"line":34,"column":28}},"18":{"start":{"line":36,"column":20},"end":{"line":36,"column":46}},"19":{"start":{"line":38,"column":4},"end":{"line":38,"column":79}},"20":{"start":{"line":38,"column":17},"end":{"line":38,"column":79}},"21":{"start":{"line":42,"column":4},"end":{"line":42,"column":35}},"22":{"start":{"line":44,"column":4},"end":{"line":44,"column":25}},"23":{"start":{"line":46,"column":4},"end":{"line":46,"column":38}},"24":{"start":{"line":33,"column":13},"end":{"line":33,"column":29}},"25":{"start":{"line":49,"column":35},"end":{"line":62,"column":1}},"26":{"start":{"line":50,"column":18},"end":{"line":50,"column":28}},"27":{"start":{"line":52,"column":20},"end":{"line":52,"column":46}},"28":{"start":{"line":54,"column":4},"end":{"line":54,"column":79}},"29":{"start":{"line":54,"column":17},"end":{"line":54,"column":79}},"30":{"start":{"line":57,"column":3},"end":{"line":57,"column":60}},"31":{"start":{"line":59,"column":4},"end":{"line":59,"column":25}},"32":{"start":{"line":61,"column":4},"end":{"line":61,"column":38}},"33":{"start":{"line":49,"column":13},"end":{"line":49,"column":35}},"34":{"start":{"line":64,"column":29},"end":{"line":74,"column":1}},"35":{"start":{"line":65,"column":18},"end":{"line":65,"column":28}},"36":{"start":{"line":67,"column":20},"end":{"line":67,"column":46}},"37":{"start":{"line":69,"column":4},"end":{"line":69,"column":79}},"38":{"start":{"line":69,"column":17},"end":{"line":69,"column":79}},"39":{"start":{"line":71,"column":4},"end":{"line":71,"column":28}},"40":{"start":{"line":73,"column":4},"end":{"line":73,"column":50}},"41":{"start":{"line":64,"column":13},"end":{"line":64,"column":29}}},"fnMap":{"0":{"name":"(anonymous_1)","decl":{"start":{"line":6,"column":26},"end":{"line":6,"column":31}},"loc":{"start":{"line":6,"column":58},"end":{"line":14,"column":1}}},"1":{"name":"(anonymous_2)","decl":{"start":{"line":16,"column":30},"end":{"line":16,"column":35}},"loc":{"start":{"line":16,"column":64},"end":{"line":24,"column":1}}},"2":{"name":"(anonymous_3)","decl":{"start":{"line":26,"column":29},"end":{"line":26,"column":34}},"loc":{"start":{"line":26,"column":63},"end":{"line":31,"column":1}}},"3":{"name":"(anonymous_4)","decl":{"start":{"line":33,"column":29},"end":{"line":33,"column":34}},"loc":{"start":{"line":33,"column":64},"end":{"line":47,"column":1}}},"4":{"name":"(anonymous_5)","decl":{"start":{"line":49,"column":35},"end":{"line":49,"column":40}},"loc":{"start":{"line":49,"column":69},"end":{"line":62,"column":1}}},"5":{"name":"(anonymous_6)","decl":{"start":{"line":64,"column":29},"end":{"line":64,"column":34}},"loc":{"start":{"line":64,"column":63},"end":{"line":74,"column":1}}}},"branchMap":{"0":{"loc":{"start":{"line":21,"column":4},"end":{"line":21,"column":79}},"type":"if","locations":[{"start":{"line":21,"column":4},"end":{"line":21,"column":79}}]},"1":{"loc":{"start":{"line":38,"column":4},"end":{"line":38,"column":79}},"type":"if","locations":[{"start":{"line":38,"column":4},"end":{"line":38,"column":79}}]},"2":{"loc":{"start":{"line":54,"column":4},"end":{"line":54,"column":79}},"type":"if","locations":[{"start":{"line":54,"column":4},"end":{"line":54,"column":79}}]},"3":{"loc":{"start":{"line":69,"column":4},"end":{"line":69,"column":79}},"type":"if","locations":[{"start":{"line":69,"column":4},"end":{"line":69,"column":79}}]}},"s":{"0":2,"1":2,"2":2,"3":2,"4":2,"5":2,"6":2,"7":2,"8":2,"9":1,"10":1,"11":2,"12":2,"13":1,"14":1,"15":2,"16":2,"17":2,"18":2,"19":2,"20":1,"21":1,"22":1,"23":1,"24":2,"25":2,"26":2,"27":2,"28":2,"29":1,"30":1,"31":1,"32":1,"33":2,"34":2,"35":2,"36":2,"37":2,"38":1,"39":1,"40":1,"41":2},"f":{"0":2,"1":2,"2":1,"3":2,"4":2,"5":2},"b":{"0":[1],"1":[1],"2":[1],"3":[1]}}
,"/home/ismael/Escritorio/Programacion/TypeScript/res_api_node_ts_server/src/middleware/index.ts": {"path":"/home/ismael/Escritorio/Programacion/TypeScript/res_api_node_ts_server/src/middleware/index.ts","statementMap":{"0":{"start":{"line":2,"column":0},"end":{"line":2,"column":53}},"1":{"start":{"line":4,"column":33},"end":{"line":12,"column":1}},"2":{"start":{"line":7,"column":19},"end":{"line":7,"column":40}},"3":{"start":{"line":9,"column":4},"end":{"line":9,"column":84}},"4":{"start":{"line":9,"column":27},"end":{"line":9,"column":84}},"5":{"start":{"line":11,"column":4},"end":{"line":11,"column":11}},"6":{"start":{"line":4,"column":13},"end":{"line":4,"column":33}}},"fnMap":{"0":{"name":"(anonymous_0)","decl":{"start":{"line":4,"column":33},"end":{"line":4,"column":34}},"loc":{"start":{"line":4,"column":81},"end":{"line":12,"column":1}}}},"branchMap":{"0":{"loc":{"start":{"line":9,"column":4},"end":{"line":9,"column":84}},"type":"if","locations":[{"start":{"line":9,"column":4},"end":{"line":9,"column":84}}]}},"s":{"0":2,"1":2,"2":18,"3":18,"4":9,"5":9,"6":2},"f":{"0":18},"b":{"0":[9]}}
,"/home/ismael/Escritorio/Programacion/TypeScript/res_api_node_ts_server/src/models/Product.model.ts": {"path":"/home/ismael/Escritorio/Programacion/TypeScript/res_api_node_ts_server/src/models/Product.model.ts","statementMap":{"0":{"start":{"line":1,"column":0},"end":{"line":1,"column":79}},"1":{"start":{"line":6,"column":0},"end":{"line":22,"column":2}},"2":{"start":{"line":10,"column":12},"end":{"line":10,"column":null}},"3":{"start":{"line":15,"column":12},"end":{"line":15,"column":null}},"4":{"start":{"line":21,"column":12},"end":{"line":21,"column":null}},"5":{"start":{"line":6,"column":6},"end":{"line":22,"column":2}},"6":{"start":{"line":24,"column":0},"end":{"line":24,"column":23}}},"fnMap":{},"branchMap":{},"s":{"0":3,"1":3,"2":3,"3":3,"4":3,"5":3,"6":3},"f":{},"b":{}}
}
